2025-12-27T00:19:22.445+05:30 DEBUG 15432 --- [hotel-frontend] [JavaFX Application Thread] com.frontend.service.AuthApiService      : Database connection test successful
2025-12-27T00:19:22.455+05:30 DEBUG 15432 --- [hotel-frontend] [JavaFX Application Thread] com.frontend.service.AuthApiService      : Attempting login for user: Kundalik Lande
2025-12-27T00:19:22.507+05:30  INFO 15432 --- [hotel-frontend] [JavaFX Application Thread] com.frontend.service.AuthApiService      : Login successful for user: Kundalik Lande (Role: ADMIN)
2025-12-27T00:19:22.509+05:30  INFO 15432 --- [hotel-frontend] [JavaFX Application Thread] com.frontend.service.SessionService      : Setting user session for: Kundalik Lande
2025-12-27T00:19:22.513+05:30  INFO 15432 --- [hotel-frontend] [JavaFX Application Thread] c.f.service.ApplicationSettingService    : Fetching all application settings
2025-12-27T00:19:22.549+05:30  INFO 15432 --- [hotel-frontend] [JavaFX Application Thread] com.frontend.service.SessionService      : Loaded 2 application settings into session
2025-12-27T00:19:22.555+05:30  INFO 15432 --- [hotel-frontend] [JavaFX Application Thread] com.frontend.service.SessionService      : Font loaded from external file: D:\Hotel Software\kiran.ttf
2025-12-27T00:19:22.556+05:30  INFO 15432 --- [hotel-frontend] [JavaFX Application Thread] com.frontend.service.SessionService      : === Custom Font Loaded ===
2025-12-27T00:19:22.557+05:30  INFO 15432 --- [hotel-frontend] [JavaFX Application Thread] com.frontend.service.SessionService      :   Family: Kiran
2025-12-27T00:19:22.558+05:30  INFO 15432 --- [hotel-frontend] [JavaFX Application Thread] com.frontend.service.SessionService      :   Name: Kiran
2025-12-27T00:19:22.558+05:30  INFO 15432 --- [hotel-frontend] [JavaFX Application Thread] com.frontend.service.SessionService      :   Style: Normal
2025-12-27T00:19:22.559+05:30  INFO 15432 --- [hotel-frontend] [JavaFX Application Thread] com.frontend.service.SessionService      :   Registered in JavaFX: true
2025-12-27T00:19:22.560+05:30  INFO 15432 --- [hotel-frontend] [JavaFX Application Thread] com.frontend.service.SessionService      : ==========================
2025-12-27T00:19:22.561+05:30  INFO 15432 --- [hotel-frontend] [JavaFX Application Thread] com.frontend.service.SessionService      : Session established - User: Kundalik Lande, Employee: Not linked, Shop: Hotel Anjani
2025-12-27T00:19:22.787+05:30 DEBUG 15432 --- [hotel-frontend] [JavaFX Application Thread] com.frontend.service.SessionService      : Checking isLoggedIn: true
2025-12-27T00:19:22.787+05:30 DEBUG 15432 --- [hotel-frontend] [JavaFX Application Thread] com.frontend.service.SessionService      : Checking isLoggedIn: true
2025-12-27T00:19:24.766+05:30 ERROR 15432 --- [hotel-frontend] [JavaFX Application Thread] de.jensd.fx.glyphs.GlyphIcon             : Icon 'USER_CIRCLE' not found. Using 'ANCHOR' (default) instead
2025-12-27T00:19:24.775+05:30 ERROR 15432 --- [hotel-frontend] [JavaFX Application Thread] de.jensd.fx.glyphs.GlyphIcon             : Icon 'USER_CIRCLE' not found. Using 'ANCHOR' (default) instead
2025-12-27T00:19:26.439+05:30  WARN 15432 --- [hotel-frontend] [JavaFX Application Thread] javafx                                   : Loading FXML document with JavaFX API of version 23.0.1 by JavaFX runtime of version 19.0.2.1
2025-12-27T00:19:26.475+05:30 ERROR 15432 --- [hotel-frontend] [JavaFX Application Thread] de.jensd.fx.glyphs.GlyphIcon             : Icon 'MAP' not found. Using 'ANCHOR' (default) instead
2025-12-27T00:19:26.477+05:30 ERROR 15432 --- [hotel-frontend] [JavaFX Application Thread] de.jensd.fx.glyphs.GlyphIcon             : Icon 'MAP' not found. Using 'ANCHOR' (default) instead
2025-12-27T00:19:26.480+05:30 ERROR 15432 --- [hotel-frontend] [JavaFX Application Thread] de.jensd.fx.glyphs.GlyphIcon             : Icon 'MAP_PIN' not found. Using 'ANCHOR' (default) instead
2025-12-27T00:19:26.481+05:30 ERROR 15432 --- [hotel-frontend] [JavaFX Application Thread] de.jensd.fx.glyphs.GlyphIcon             : Icon 'MAP_PIN' not found. Using 'ANCHOR' (default) instead
2025-12-27T00:19:26.488+05:30 ERROR 15432 --- [hotel-frontend] [JavaFX Application Thread] de.jensd.fx.glyphs.GlyphIcon             : Icon 'ID_CARD' not found. Using 'ANCHOR' (default) instead
2025-12-27T00:19:26.490+05:30 ERROR 15432 --- [hotel-frontend] [JavaFX Application Thread] de.jensd.fx.glyphs.GlyphIcon             : Icon 'ID_CARD' not found. Using 'ANCHOR' (default) instead
2025-12-27T00:19:26.559+05:30  INFO 15432 --- [hotel-frontend] [JavaFX Application Thread] c.f.c.master.AddSupplierController       : Custom font 'Kiran' applied to Name column cells only
2025-12-27T00:19:26.560+05:30  INFO 15432 --- [hotel-frontend] [JavaFX Application Thread] c.f.c.master.AddSupplierController       : Custom font 'Kiran' applied to Address column cells only
2025-12-27T00:19:26.563+05:30 DEBUG 15432 --- [hotel-frontend] [JavaFX Application Thread] com.frontend.service.SessionService      : Using font 'Kiran' at size: 25.0
2025-12-27T00:19:26.568+05:30  INFO 15432 --- [hotel-frontend] [JavaFX Application Thread] c.f.c.master.AddSupplierController       : Custom font 'Kiran' applied to name and address input fields
2025-12-27T00:19:26.569+05:30  INFO 15432 --- [hotel-frontend] [JavaFX Application Thread] com.frontend.service.SupplierService     : Fetching all suppliers
2025-12-27T00:19:26.585+05:30  INFO 15432 --- [hotel-frontend] [JavaFX Application Thread] c.f.c.master.AddSupplierController       : Updated autocomplete suggestions with 3 entries
2025-12-27T00:19:26.586+05:30  INFO 15432 --- [hotel-frontend] [JavaFX Application Thread] c.f.c.master.AddSupplierController       : Loaded 1 suppliers
2025-12-27T00:20:22.684+05:30  INFO 15432 --- [hotel-frontend] [JavaFX Application Thread] com.frontend.service.SupplierService     : Fetching all suppliers
2025-12-27T00:20:22.691+05:30  INFO 15432 --- [hotel-frontend] [JavaFX Application Thread] c.f.c.master.AddSupplierController       : Updated autocomplete suggestions with 3 entries
2025-12-27T00:20:22.691+05:30  INFO 15432 --- [hotel-frontend] [JavaFX Application Thread] c.f.c.master.AddSupplierController       : Loaded 1 suppliers
2025-12-27T00:20:51.941+05:30  INFO 15432 --- [hotel-frontend] [JavaFX Application Thread] com.frontend.service.SupplierService     : Creating new supplier: mahavaIr ikranaa
2025-12-27T00:20:52.047+05:30  INFO 15432 --- [hotel-frontend] [JavaFX Application Thread] com.frontend.service.SupplierService     : Supplier created successfully with ID: 2
2025-12-27T00:20:52.085+05:30  INFO 15432 --- [hotel-frontend] [JavaFX Application Thread] com.frontend.service.SupplierService     : Fetching all suppliers
2025-12-27T00:20:52.099+05:30  INFO 15432 --- [hotel-frontend] [JavaFX Application Thread] c.f.c.master.AddSupplierController       : Updated autocomplete suggestions with 4 entries
2025-12-27T00:20:52.100+05:30  INFO 15432 --- [hotel-frontend] [JavaFX Application Thread] c.f.c.master.AddSupplierController       : Loaded 2 suppliers
2025-12-27T00:20:59.784+05:30  WARN 15432 --- [hotel-frontend] [JavaFX Application Thread] javafx.css                               : Could not resolve '-fx-text-background-color' while resolving lookups for '-fx-text-fill'
2025-12-27T00:21:08.310+05:30  WARN 15432 --- [hotel-frontend] [JavaFX Application Thread] javafx.css                               : Could not resolve '-fx-text-background-color' while resolving lookups for '-fx-text-fill'
2025-12-27T00:21:49.846+05:30  WARN 15432 --- [hotel-frontend] [JavaFX Application Thread] javafx.css                               : Could not resolve '-fx-text-background-color' while resolving lookups for '-fx-text-fill'
2025-12-27T00:22:13.249+05:30  INFO 15432 --- [hotel-frontend] [JavaFX Application Thread] com.frontend.service.SupplierService     : Updating supplier with ID: 2
2025-12-27T00:22:13.279+05:30  INFO 15432 --- [hotel-frontend] [JavaFX Application Thread] com.frontend.service.SupplierService     : Supplier updated successfully with ID: 2
2025-12-27T00:22:13.331+05:30  INFO 15432 --- [hotel-frontend] [JavaFX Application Thread] com.frontend.service.SupplierService     : Fetching all suppliers
2025-12-27T00:22:13.341+05:30  INFO 15432 --- [hotel-frontend] [JavaFX Application Thread] c.f.c.master.AddSupplierController       : Updated autocomplete suggestions with 4 entries
2025-12-27T00:22:13.342+05:30  INFO 15432 --- [hotel-frontend] [JavaFX Application Thread] c.f.c.master.AddSupplierController       : Loaded 2 suppliers
2025-12-27T00:22:19.301+05:30  INFO 15432 --- [hotel-frontend] [JavaFX Application Thread] com.frontend.service.SupplierService     : Fetching all suppliers
2025-12-27T00:22:19.307+05:30  INFO 15432 --- [hotel-frontend] [JavaFX Application Thread] c.f.c.master.AddSupplierController       : Updated autocomplete suggestions with 4 entries
2025-12-27T00:22:19.308+05:30  INFO 15432 --- [hotel-frontend] [JavaFX Application Thread] c.f.c.master.AddSupplierController       : Loaded 2 suppliers
2025-12-27T00:22:22.808+05:30  WARN 15432 --- [hotel-frontend] [JavaFX Application Thread] javafx.css                               : Could not resolve '-fx-text-background-color' while resolving lookups for '-fx-text-fill'
2025-12-27T00:22:36.144+05:30  INFO 15432 --- [hotel-frontend] [JavaFX Application Thread] com.frontend.service.SupplierService     : Fetching all suppliers
2025-12-27T00:22:36.151+05:30  INFO 15432 --- [hotel-frontend] [JavaFX Application Thread] c.f.c.master.AddSupplierController       : Updated autocomplete suggestions with 4 entries
2025-12-27T00:22:36.152+05:30  INFO 15432 --- [hotel-frontend] [JavaFX Application Thread] c.f.c.master.AddSupplierController       : Loaded 2 suppliers
2025-12-27T00:23:52.245+05:30  INFO 15432 --- [hotel-frontend] [JavaFX Application Thread] c.f.c.master.AddSupplierController       : Back button clicked - returning to Master Menu
2025-12-27T00:23:52.263+05:30 ERROR 15432 --- [hotel-frontend] [JavaFX Application Thread] de.jensd.fx.glyphs.GlyphIcon             : Icon 'USER_CIRCLE' not found. Using 'ANCHOR' (default) instead
2025-12-27T00:23:52.264+05:30 ERROR 15432 --- [hotel-frontend] [JavaFX Application Thread] de.jensd.fx.glyphs.GlyphIcon             : Icon 'USER_CIRCLE' not found. Using 'ANCHOR' (default) instead
2025-12-27T00:23:52.280+05:30  INFO 15432 --- [hotel-frontend] [JavaFX Application Thread] c.f.c.master.AddSupplierController       : Successfully navigated to Master Menu
2025-12-27T00:24:49.712+05:30 ERROR 15432 --- [hotel-frontend] [JavaFX Application Thread] de.jensd.fx.glyphs.GlyphIcon             : Icon 'USER_CIRCLE' not found. Using 'ANCHOR' (default) instead
2025-12-27T00:24:49.713+05:30 ERROR 15432 --- [hotel-frontend] [JavaFX Application Thread] de.jensd.fx.glyphs.GlyphIcon             : Icon 'USER_CIRCLE' not found. Using 'ANCHOR' (default) instead
2025-12-27T00:24:51.635+05:30  INFO 15432 --- [hotel-frontend] [JavaFX Application Thread] c.f.c.master.AddEmployeeController       : Custom font 'Kiran' applied to Full Name column cells only
2025-12-27T00:24:51.637+05:30  INFO 15432 --- [hotel-frontend] [JavaFX Application Thread] c.f.c.master.AddEmployeeController       : Custom font 'Kiran' applied to Designation column cells only
2025-12-27T00:24:51.642+05:30  INFO 15432 --- [hotel-frontend] [JavaFX Application Thread] c.f.c.master.AddEmployeeController       : Custom font 'Kiran' applied to name and designation input fields
2025-12-27T00:24:51.643+05:30  INFO 15432 --- [hotel-frontend] [JavaFX Application Thread] com.frontend.service.EmployeeService     : Fetching all employees
2025-12-27T00:24:51.658+05:30  INFO 15432 --- [hotel-frontend] [JavaFX Application Thread] c.f.c.master.AddEmployeeController       : Loaded 1 employees
2025-12-27T00:25:02.660+05:30 ERROR 15432 --- [hotel-frontend] [JavaFX Application Thread] de.jensd.fx.glyphs.GlyphIcon             : Icon 'USER_CIRCLE' not found. Using 'ANCHOR' (default) instead
2025-12-27T00:25:02.661+05:30 ERROR 15432 --- [hotel-frontend] [JavaFX Application Thread] de.jensd.fx.glyphs.GlyphIcon             : Icon 'USER_CIRCLE' not found. Using 'ANCHOR' (default) instead
2025-12-27T00:25:13.461+05:30  INFO 15432 --- [hotel-frontend] [JavaFX Application Thread] c.f.c.master.AddEmployeeController       : Custom font 'Kiran' applied to Full Name column cells only
2025-12-27T00:25:13.463+05:30  INFO 15432 --- [hotel-frontend] [JavaFX Application Thread] c.f.c.master.AddEmployeeController       : Custom font 'Kiran' applied to Designation column cells only
2025-12-27T00:25:13.464+05:30  INFO 15432 --- [hotel-frontend] [JavaFX Application Thread] c.f.c.master.AddEmployeeController       : Custom font 'Kiran' applied to name and designation input fields
2025-12-27T00:25:13.465+05:30  INFO 15432 --- [hotel-frontend] [JavaFX Application Thread] com.frontend.service.EmployeeService     : Fetching all employees
2025-12-27T00:25:13.472+05:30  INFO 15432 --- [hotel-frontend] [JavaFX Application Thread] c.f.c.master.AddEmployeeController       : Loaded 1 employees
2025-12-27T00:25:15.330+05:30  INFO 15432 --- [hotel-frontend] [JavaFX Application Thread] c.f.c.master.AddEmployeeController       : Back button clicked - returning to Master Menu
2025-12-27T00:25:15.342+05:30 ERROR 15432 --- [hotel-frontend] [JavaFX Application Thread] de.jensd.fx.glyphs.GlyphIcon             : Icon 'USER_CIRCLE' not found. Using 'ANCHOR' (default) instead
2025-12-27T00:25:15.344+05:30 ERROR 15432 --- [hotel-frontend] [JavaFX Application Thread] de.jensd.fx.glyphs.GlyphIcon             : Icon 'USER_CIRCLE' not found. Using 'ANCHOR' (default) instead
2025-12-27T00:25:15.356+05:30  INFO 15432 --- [hotel-frontend] [JavaFX Application Thread] c.f.c.master.AddEmployeeController       : Successfully navigated to Master Menu
2025-12-27T00:26:48.321+05:30  INFO 15432 --- [hotel-frontend] [JavaFX Application Thread] c.f.c.master.AddEmployeeController       : Custom font 'Kiran' applied to Full Name column cells only
2025-12-27T00:26:48.322+05:30  INFO 15432 --- [hotel-frontend] [JavaFX Application Thread] c.f.c.master.AddEmployeeController       : Custom font 'Kiran' applied to Designation column cells only
2025-12-27T00:26:48.323+05:30  INFO 15432 --- [hotel-frontend] [JavaFX Application Thread] c.f.c.master.AddEmployeeController       : Custom font 'Kiran' applied to name and designation input fields
2025-12-27T00:26:48.325+05:30  INFO 15432 --- [hotel-frontend] [JavaFX Application Thread] com.frontend.service.EmployeeService     : Fetching all employees
2025-12-27T00:26:48.332+05:30  INFO 15432 --- [hotel-frontend] [JavaFX Application Thread] c.f.c.master.AddEmployeeController       : Loaded 1 employees
